[2023-03-30 04:46:15,550] {processor.py:163} INFO - Started process (PID=259) to work on /opt/airflow/dags/simple.py
[2023-03-30 04:46:15,595] {processor.py:642} INFO - Processing file /opt/airflow/dags/simple.py for tasks to queue
[2023-03-30 04:46:15,620] {logging_mixin.py:109} INFO - [2023-03-30 04:46:15,615] {dagbag.py:500} INFO - Filling up the DagBag from /opt/airflow/dags/simple.py
[2023-03-30 04:46:16,909] {processor.py:652} INFO - DAG(s) dict_keys(['hello_world']) retrieved from /opt/airflow/dags/simple.py
[2023-03-30 06:54:22,434] {processor.py:163} INFO - Started process (PID=266) to work on /opt/airflow/dags/simple.py
[2023-03-30 06:54:22,450] {processor.py:642} INFO - Processing file /opt/airflow/dags/simple.py for tasks to queue
[2023-03-30 06:54:22,463] {logging_mixin.py:109} INFO - [2023-03-30 06:54:22,461] {dagbag.py:500} INFO - Filling up the DagBag from /opt/airflow/dags/simple.py
[2023-03-30 06:54:23,164] {processor.py:652} INFO - DAG(s) dict_keys(['hello_world']) retrieved from /opt/airflow/dags/simple.py
[2023-03-30 06:55:15,222] {processor.py:163} INFO - Started process (PID=319) to work on /opt/airflow/dags/simple.py
[2023-03-30 06:55:15,245] {processor.py:642} INFO - Processing file /opt/airflow/dags/simple.py for tasks to queue
[2023-03-30 06:55:15,260] {logging_mixin.py:109} INFO - [2023-03-30 06:55:15,260] {dagbag.py:500} INFO - Filling up the DagBag from /opt/airflow/dags/simple.py
[2023-03-30 06:55:15,939] {processor.py:652} INFO - DAG(s) dict_keys(['hello_world']) retrieved from /opt/airflow/dags/simple.py
[2023-03-30 06:56:15,038] {processor.py:163} INFO - Started process (PID=379) to work on /opt/airflow/dags/simple.py
[2023-03-30 06:56:15,124] {processor.py:642} INFO - Processing file /opt/airflow/dags/simple.py for tasks to queue
[2023-03-30 06:56:15,189] {logging_mixin.py:109} INFO - [2023-03-30 06:56:15,166] {dagbag.py:500} INFO - Filling up the DagBag from /opt/airflow/dags/simple.py
[2023-03-30 06:56:16,250] {processor.py:652} INFO - DAG(s) dict_keys(['hello_world']) retrieved from /opt/airflow/dags/simple.py
[2023-03-30 06:57:11,865] {processor.py:163} INFO - Started process (PID=439) to work on /opt/airflow/dags/simple.py
[2023-03-30 06:57:11,945] {processor.py:642} INFO - Processing file /opt/airflow/dags/simple.py for tasks to queue
[2023-03-30 06:57:11,995] {logging_mixin.py:109} INFO - [2023-03-30 06:57:11,994] {dagbag.py:500} INFO - Filling up the DagBag from /opt/airflow/dags/simple.py
[2023-03-30 06:57:13,536] {processor.py:652} INFO - DAG(s) dict_keys(['hello_world']) retrieved from /opt/airflow/dags/simple.py
[2023-03-30 07:08:51,759] {processor.py:163} INFO - Started process (PID=231) to work on /opt/airflow/dags/simple.py
[2023-03-30 07:08:51,778] {processor.py:642} INFO - Processing file /opt/airflow/dags/simple.py for tasks to queue
[2023-03-30 07:08:51,802] {logging_mixin.py:109} INFO - [2023-03-30 07:08:51,801] {dagbag.py:500} INFO - Filling up the DagBag from /opt/airflow/dags/simple.py
[2023-03-30 07:08:52,859] {processor.py:652} INFO - DAG(s) dict_keys(['hello_world']) retrieved from /opt/airflow/dags/simple.py
[2023-03-30 07:09:44,349] {processor.py:163} INFO - Started process (PID=286) to work on /opt/airflow/dags/simple.py
[2023-03-30 07:09:44,363] {processor.py:642} INFO - Processing file /opt/airflow/dags/simple.py for tasks to queue
[2023-03-30 07:09:44,388] {logging_mixin.py:109} INFO - [2023-03-30 07:09:44,387] {dagbag.py:500} INFO - Filling up the DagBag from /opt/airflow/dags/simple.py
[2023-03-30 07:09:45,954] {processor.py:652} INFO - DAG(s) dict_keys(['hello_world']) retrieved from /opt/airflow/dags/simple.py
[2023-03-30 07:10:39,049] {processor.py:163} INFO - Started process (PID=337) to work on /opt/airflow/dags/simple.py
[2023-03-30 07:10:39,075] {processor.py:642} INFO - Processing file /opt/airflow/dags/simple.py for tasks to queue
[2023-03-30 07:10:39,078] {logging_mixin.py:109} INFO - [2023-03-30 07:10:39,078] {dagbag.py:500} INFO - Filling up the DagBag from /opt/airflow/dags/simple.py
[2023-03-30 07:10:39,364] {processor.py:652} INFO - DAG(s) dict_keys(['hello_world']) retrieved from /opt/airflow/dags/simple.py
[2023-03-30 07:11:32,604] {processor.py:163} INFO - Started process (PID=393) to work on /opt/airflow/dags/simple.py
[2023-03-30 07:11:32,635] {processor.py:642} INFO - Processing file /opt/airflow/dags/simple.py for tasks to queue
[2023-03-30 07:11:32,647] {logging_mixin.py:109} INFO - [2023-03-30 07:11:32,639] {dagbag.py:500} INFO - Filling up the DagBag from /opt/airflow/dags/simple.py
[2023-03-30 07:11:33,102] {processor.py:652} INFO - DAG(s) dict_keys(['hello_world']) retrieved from /opt/airflow/dags/simple.py
[2023-03-30 07:12:26,470] {processor.py:163} INFO - Started process (PID=454) to work on /opt/airflow/dags/simple.py
[2023-03-30 07:12:26,502] {processor.py:642} INFO - Processing file /opt/airflow/dags/simple.py for tasks to queue
[2023-03-30 07:12:26,514] {logging_mixin.py:109} INFO - [2023-03-30 07:12:26,514] {dagbag.py:500} INFO - Filling up the DagBag from /opt/airflow/dags/simple.py
[2023-03-30 07:12:27,432] {processor.py:652} INFO - DAG(s) dict_keys(['hello_world']) retrieved from /opt/airflow/dags/simple.py
[2023-03-30 07:13:12,866] {logging_mixin.py:109} INFO - [2023-03-30 07:13:12,865] {manager.py:496} INFO - Created Permission View: can read on DAG:hello_world
[2023-03-30 07:13:12,979] {logging_mixin.py:109} INFO - [2023-03-30 07:13:12,978] {manager.py:496} INFO - Created Permission View: can edit on DAG:hello_world
[2023-03-30 07:13:12,984] {logging_mixin.py:109} INFO - [2023-03-30 07:13:12,981] {dag.py:2398} INFO - Sync 1 DAGs
[2023-03-30 07:13:13,117] {logging_mixin.py:109} INFO - [2023-03-30 07:13:13,102] {dag.py:2417} INFO - Creating ORM DAG for hello_world
[2023-03-30 07:13:13,230] {logging_mixin.py:109} INFO - [2023-03-30 07:13:13,229] {dag.py:2937} INFO - Setting next_dagrun for hello_world to 2023-03-28 12:00:00+00:00
[2023-03-30 07:13:13,328] {processor.py:171} INFO - Processing /opt/airflow/dags/simple.py took 46.796 seconds
[2023-03-30 07:21:19,408] {processor.py:163} INFO - Started process (PID=242) to work on /opt/airflow/dags/simple.py
[2023-03-30 07:21:19,448] {processor.py:642} INFO - Processing file /opt/airflow/dags/simple.py for tasks to queue
[2023-03-30 07:21:19,471] {logging_mixin.py:109} INFO - [2023-03-30 07:21:19,467] {dagbag.py:500} INFO - Filling up the DagBag from /opt/airflow/dags/simple.py
[2023-03-30 07:21:20,800] {processor.py:652} INFO - DAG(s) dict_keys(['hello_world']) retrieved from /opt/airflow/dags/simple.py
[2023-03-30 07:21:21,095] {logging_mixin.py:109} INFO - [2023-03-30 07:21:21,095] {dag.py:2398} INFO - Sync 1 DAGs
[2023-03-30 07:21:21,616] {logging_mixin.py:109} INFO - [2023-03-30 07:21:21,594] {dag.py:2937} INFO - Setting next_dagrun for hello_world to 2023-03-28 12:00:00+00:00
[2023-03-30 07:21:21,747] {processor.py:171} INFO - Processing /opt/airflow/dags/simple.py took 2.418 seconds
[2023-03-30 07:21:52,368] {processor.py:163} INFO - Started process (PID=265) to work on /opt/airflow/dags/simple.py
[2023-03-30 07:21:52,378] {processor.py:642} INFO - Processing file /opt/airflow/dags/simple.py for tasks to queue
[2023-03-30 07:21:52,434] {logging_mixin.py:109} INFO - [2023-03-30 07:21:52,394] {dagbag.py:500} INFO - Filling up the DagBag from /opt/airflow/dags/simple.py
[2023-03-30 07:21:52,776] {processor.py:652} INFO - DAG(s) dict_keys(['hello_world']) retrieved from /opt/airflow/dags/simple.py
[2023-03-30 07:21:52,955] {logging_mixin.py:109} INFO - [2023-03-30 07:21:52,954] {dag.py:2398} INFO - Sync 1 DAGs
[2023-03-30 07:21:53,248] {logging_mixin.py:109} INFO - [2023-03-30 07:21:53,247] {dag.py:2937} INFO - Setting next_dagrun for hello_world to 2023-03-28 12:00:00+00:00
[2023-03-30 07:21:53,376] {processor.py:171} INFO - Processing /opt/airflow/dags/simple.py took 1.039 seconds
[2023-03-30 07:22:24,010] {processor.py:163} INFO - Started process (PID=299) to work on /opt/airflow/dags/simple.py
[2023-03-30 07:22:24,019] {processor.py:642} INFO - Processing file /opt/airflow/dags/simple.py for tasks to queue
[2023-03-30 07:22:24,026] {logging_mixin.py:109} INFO - [2023-03-30 07:22:24,025] {dagbag.py:500} INFO - Filling up the DagBag from /opt/airflow/dags/simple.py
[2023-03-30 07:22:24,363] {processor.py:652} INFO - DAG(s) dict_keys(['hello_world']) retrieved from /opt/airflow/dags/simple.py
[2023-03-30 07:22:24,547] {logging_mixin.py:109} INFO - [2023-03-30 07:22:24,546] {dag.py:2398} INFO - Sync 1 DAGs
[2023-03-30 07:22:24,798] {logging_mixin.py:109} INFO - [2023-03-30 07:22:24,797] {dag.py:2937} INFO - Setting next_dagrun for hello_world to 2023-03-28 12:00:00+00:00
[2023-03-30 07:22:24,868] {processor.py:171} INFO - Processing /opt/airflow/dags/simple.py took 0.874 seconds
[2023-03-30 07:22:55,840] {processor.py:163} INFO - Started process (PID=317) to work on /opt/airflow/dags/simple.py
[2023-03-30 07:22:55,845] {processor.py:642} INFO - Processing file /opt/airflow/dags/simple.py for tasks to queue
[2023-03-30 07:22:55,849] {logging_mixin.py:109} INFO - [2023-03-30 07:22:55,848] {dagbag.py:500} INFO - Filling up the DagBag from /opt/airflow/dags/simple.py
[2023-03-30 07:22:55,983] {processor.py:652} INFO - DAG(s) dict_keys(['hello_world']) retrieved from /opt/airflow/dags/simple.py
[2023-03-30 07:22:56,064] {logging_mixin.py:109} INFO - [2023-03-30 07:22:56,063] {dag.py:2398} INFO - Sync 1 DAGs
[2023-03-30 07:22:56,172] {logging_mixin.py:109} INFO - [2023-03-30 07:22:56,171] {dag.py:2937} INFO - Setting next_dagrun for hello_world to 2023-03-28 12:00:00+00:00
[2023-03-30 07:22:56,205] {processor.py:171} INFO - Processing /opt/airflow/dags/simple.py took 0.379 seconds
[2023-03-30 07:23:26,450] {processor.py:163} INFO - Started process (PID=351) to work on /opt/airflow/dags/simple.py
[2023-03-30 07:23:26,458] {processor.py:642} INFO - Processing file /opt/airflow/dags/simple.py for tasks to queue
[2023-03-30 07:23:26,472] {logging_mixin.py:109} INFO - [2023-03-30 07:23:26,471] {dagbag.py:500} INFO - Filling up the DagBag from /opt/airflow/dags/simple.py
[2023-03-30 07:23:26,707] {processor.py:652} INFO - DAG(s) dict_keys(['hello_world']) retrieved from /opt/airflow/dags/simple.py
[2023-03-30 07:23:26,921] {logging_mixin.py:109} INFO - [2023-03-30 07:23:26,920] {dag.py:2398} INFO - Sync 1 DAGs
[2023-03-30 07:23:27,205] {logging_mixin.py:109} INFO - [2023-03-30 07:23:27,204] {dag.py:2937} INFO - Setting next_dagrun for hello_world to 2023-03-28 12:00:00+00:00
[2023-03-30 07:23:27,277] {processor.py:171} INFO - Processing /opt/airflow/dags/simple.py took 0.850 seconds
[2023-03-30 07:23:57,849] {processor.py:163} INFO - Started process (PID=368) to work on /opt/airflow/dags/simple.py
[2023-03-30 07:23:57,855] {processor.py:642} INFO - Processing file /opt/airflow/dags/simple.py for tasks to queue
[2023-03-30 07:23:57,858] {logging_mixin.py:109} INFO - [2023-03-30 07:23:57,858] {dagbag.py:500} INFO - Filling up the DagBag from /opt/airflow/dags/simple.py
[2023-03-30 07:23:58,069] {processor.py:652} INFO - DAG(s) dict_keys(['hello_world']) retrieved from /opt/airflow/dags/simple.py
[2023-03-30 07:23:58,177] {logging_mixin.py:109} INFO - [2023-03-30 07:23:58,176] {dag.py:2398} INFO - Sync 1 DAGs
[2023-03-30 07:23:58,281] {logging_mixin.py:109} INFO - [2023-03-30 07:23:58,280] {dag.py:2937} INFO - Setting next_dagrun for hello_world to 2023-03-28 12:00:00+00:00
[2023-03-30 07:23:58,323] {processor.py:171} INFO - Processing /opt/airflow/dags/simple.py took 0.498 seconds
[2023-03-30 07:24:28,527] {processor.py:163} INFO - Started process (PID=402) to work on /opt/airflow/dags/simple.py
[2023-03-30 07:24:28,533] {processor.py:642} INFO - Processing file /opt/airflow/dags/simple.py for tasks to queue
[2023-03-30 07:24:28,537] {logging_mixin.py:109} INFO - [2023-03-30 07:24:28,537] {dagbag.py:500} INFO - Filling up the DagBag from /opt/airflow/dags/simple.py
[2023-03-30 07:24:28,640] {processor.py:652} INFO - DAG(s) dict_keys(['hello_world']) retrieved from /opt/airflow/dags/simple.py
[2023-03-30 07:24:28,707] {logging_mixin.py:109} INFO - [2023-03-30 07:24:28,707] {dag.py:2398} INFO - Sync 1 DAGs
[2023-03-30 07:24:28,803] {logging_mixin.py:109} INFO - [2023-03-30 07:24:28,802] {dag.py:2937} INFO - Setting next_dagrun for hello_world to 2023-03-28 12:00:00+00:00
[2023-03-30 07:24:28,922] {processor.py:171} INFO - Processing /opt/airflow/dags/simple.py took 0.404 seconds
